load word frequency mapping - complete
loaded tensor torch.Size([798949912])
loaded tensor torch.Size([30301027, 2])
#sentences 30301027
load train data - complete
#sentences 6073
load test data - complete
| epoch   1 |     0/312089 batches | lr 0.10 | ms/batch  0.51 | loss 13.06 | ppl 470678.55
| epoch   1 |  1000/312089 batches | lr 0.10 | ms/batch 157.09 | loss  6.10 | ppl   444.17
| epoch   1 |  2000/312089 batches | lr 0.10 | ms/batch 156.66 | loss  5.45 | ppl   232.68
| epoch   1 |  3000/312089 batches | lr 0.10 | ms/batch 156.90 | loss  5.31 | ppl   201.59
| epoch   1 |  4000/312089 batches | lr 0.10 | ms/batch 156.16 | loss  5.14 | ppl   170.95
| epoch   1 |  5000/312089 batches | lr 0.10 | ms/batch 156.20 | loss  5.09 | ppl   162.36
| epoch   1 |  6000/312089 batches | lr 0.10 | ms/batch 156.79 | loss  4.85 | ppl   127.61
| epoch   1 |  7000/312089 batches | lr 0.10 | ms/batch 157.22 | loss  4.74 | ppl   114.14
| epoch   1 |  8000/312089 batches | lr 0.10 | ms/batch 157.46 | loss  4.73 | ppl   113.82
| epoch   1 |  9000/312089 batches | lr 0.10 | ms/batch 157.25 | loss  4.68 | ppl   107.85
| epoch   1 | 10000/312089 batches | lr 0.10 | ms/batch 156.98 | loss  4.71 | ppl   111.52
| epoch   1 | 11000/312089 batches | lr 0.10 | ms/batch 156.43 | loss  4.54 | ppl    93.44
| epoch   1 | 12000/312089 batches | lr 0.10 | ms/batch 155.87 | loss  4.50 | ppl    90.00
| epoch   1 | 13000/312089 batches | lr 0.10 | ms/batch 155.64 | loss  4.60 | ppl    99.04
| epoch   1 | 14000/312089 batches | lr 0.10 | ms/batch 155.31 | loss  4.33 | ppl    75.91
| epoch   1 | 15000/312089 batches | lr 0.10 | ms/batch 154.99 | loss  4.50 | ppl    90.40
-----------------------------------------------------------------------------------------
| time: 2440.64s | valid loss  4.91 | valid ppl   135.14
-----------------------------------------------------------------------------------------
| epoch   1 | 16000/312089 batches | lr 0.10 | ms/batch 248.22 | loss  4.32 | ppl    74.91
| epoch   1 | 17000/312089 batches | lr 0.10 | ms/batch 155.06 | loss  4.43 | ppl    84.12
| epoch   1 | 18000/312089 batches | lr 0.10 | ms/batch 154.97 | loss  4.39 | ppl    80.75
| epoch   1 | 19000/312089 batches | lr 0.10 | ms/batch 154.90 | loss  4.28 | ppl    72.17
| epoch   1 | 20000/312089 batches | lr 0.10 | ms/batch 155.07 | loss  4.37 | ppl    78.93
| epoch   1 | 21000/312089 batches | lr 0.10 | ms/batch 155.36 | loss  4.24 | ppl    69.19
| epoch   1 | 22000/312089 batches | lr 0.10 | ms/batch 155.18 | loss  4.18 | ppl    65.48
| epoch   1 | 23000/312089 batches | lr 0.10 | ms/batch 154.69 | loss  4.27 | ppl    71.68
| epoch   1 | 24000/312089 batches | lr 0.10 | ms/batch 154.67 | loss  4.32 | ppl    75.10
| epoch   1 | 25000/312089 batches | lr 0.10 | ms/batch 154.58 | loss  4.14 | ppl    62.51
| epoch   1 | 26000/312089 batches | lr 0.10 | ms/batch 154.39 | loss  4.28 | ppl    72.43
| epoch   1 | 27000/312089 batches | lr 0.10 | ms/batch 154.22 | loss  4.15 | ppl    63.26
| epoch   1 | 28000/312089 batches | lr 0.10 | ms/batch 154.45 | loss  4.17 | ppl    64.73
| epoch   1 | 29000/312089 batches | lr 0.10 | ms/batch 154.53 | loss  4.17 | ppl    64.71
| epoch   1 | 30000/312089 batches | lr 0.10 | ms/batch 154.03 | loss  4.07 | ppl    58.40
-----------------------------------------------------------------------------------------
| time: 4855.31s | valid loss  4.62 | valid ppl   101.33
-----------------------------------------------------------------------------------------
| epoch   1 | 31000/312089 batches | lr 0.10 | ms/batch 246.71 | loss  4.24 | ppl    69.18
| epoch   1 | 32000/312089 batches | lr 0.10 | ms/batch 154.43 | loss  4.17 | ppl    64.58
| epoch   1 | 33000/312089 batches | lr 0.10 | ms/batch 154.18 | loss  4.20 | ppl    66.43
| epoch   1 | 34000/312089 batches | lr 0.10 | ms/batch 154.16 | loss  4.16 | ppl    64.19
| epoch   1 | 35000/312089 batches | lr 0.10 | ms/batch 154.19 | loss  4.16 | ppl    63.88
| epoch   1 | 36000/312089 batches | lr 0.10 | ms/batch 154.21 | loss  4.09 | ppl    59.52
| epoch   1 | 37000/312089 batches | lr 0.10 | ms/batch 154.37 | loss  4.12 | ppl    61.32
| epoch   1 | 38000/312089 batches | lr 0.10 | ms/batch 154.21 | loss  4.11 | ppl    60.88
| epoch   1 | 39000/312089 batches | lr 0.10 | ms/batch 154.01 | loss  4.08 | ppl    59.43
| epoch   1 | 40000/312089 batches | lr 0.10 | ms/batch 156.34 | loss  4.08 | ppl    58.87
| epoch   1 | 41000/312089 batches | lr 0.10 | ms/batch 165.09 | loss  4.00 | ppl    54.35
| epoch   1 | 42000/312089 batches | lr 0.10 | ms/batch 163.82 | loss  4.24 | ppl    69.52
| epoch   1 | 43000/312089 batches | lr 0.10 | ms/batch 164.45 | loss  4.16 | ppl    63.81
| epoch   1 | 44000/312089 batches | lr 0.10 | ms/batch 164.92 | loss  3.92 | ppl    50.35
| epoch   1 | 45000/312089 batches | lr 0.10 | ms/batch 165.69 | loss  4.19 | ppl    66.30
-----------------------------------------------------------------------------------------
| time: 7322.56s | valid loss  4.48 | valid ppl    88.55
-----------------------------------------------------------------------------------------
| epoch   1 | 46000/312089 batches | lr 0.10 | ms/batch 262.83 | loss  4.03 | ppl    56.19
| epoch   1 | 47000/312089 batches | lr 0.10 | ms/batch 164.92 | loss  4.04 | ppl    56.99
| epoch   1 | 48000/312089 batches | lr 0.10 | ms/batch 165.35 | loss  3.99 | ppl    53.91
| epoch   1 | 49000/312089 batches | lr 0.10 | ms/batch 163.89 | loss  4.01 | ppl    54.95
| epoch   1 | 50000/312089 batches | lr 0.10 | ms/batch 162.75 | loss  4.21 | ppl    67.67
| epoch   1 | 51000/312089 batches | lr 0.10 | ms/batch 163.86 | loss  4.03 | ppl    56.54
| epoch   1 | 52000/312089 batches | lr 0.10 | ms/batch 163.63 | loss  4.05 | ppl    57.46
| epoch   1 | 53000/312089 batches | lr 0.10 | ms/batch 164.51 | loss  3.94 | ppl    51.64
| epoch   1 | 54000/312089 batches | lr 0.10 | ms/batch 164.94 | loss  3.90 | ppl    49.27
| epoch   1 | 55000/312089 batches | lr 0.10 | ms/batch 163.90 | loss  4.05 | ppl    57.38
| epoch   1 | 56000/312089 batches | lr 0.10 | ms/batch 164.50 | loss  4.02 | ppl    55.71
| epoch   1 | 57000/312089 batches | lr 0.10 | ms/batch 163.62 | loss  3.87 | ppl    47.88
| epoch   1 | 58000/312089 batches | lr 0.10 | ms/batch 163.69 | loss  4.06 | ppl    57.93
| epoch   1 | 59000/312089 batches | lr 0.10 | ms/batch 164.51 | loss  3.96 | ppl    52.48
| epoch   1 | 60000/312089 batches | lr 0.10 | ms/batch 164.71 | loss  3.95 | ppl    52.01
-----------------------------------------------------------------------------------------
| time: 9885.64s | valid loss  4.39 | valid ppl    81.00
-----------------------------------------------------------------------------------------
| epoch   1 | 61000/312089 batches | lr 0.10 | ms/batch 262.95 | loss  3.98 | ppl    53.36
| epoch   1 | 62000/312089 batches | lr 0.10 | ms/batch 163.83 | loss  4.14 | ppl    62.61
| epoch   1 | 63000/312089 batches | lr 0.10 | ms/batch 165.12 | loss  4.13 | ppl    61.94
| epoch   1 | 64000/312089 batches | lr 0.10 | ms/batch 164.12 | loss  3.81 | ppl    45.12
| epoch   1 | 65000/312089 batches | lr 0.10 | ms/batch 163.11 | loss  4.04 | ppl    56.92
| epoch   1 | 66000/312089 batches | lr 0.10 | ms/batch 163.86 | loss  3.79 | ppl    44.46
| epoch   1 | 67000/312089 batches | lr 0.10 | ms/batch 163.59 | loss  3.87 | ppl    47.89
| epoch   1 | 68000/312089 batches | lr 0.10 | ms/batch 162.36 | loss  3.89 | ppl    48.91
| epoch   1 | 69000/312089 batches | lr 0.10 | ms/batch 163.86 | loss  3.86 | ppl    47.29
| epoch   1 | 70000/312089 batches | lr 0.10 | ms/batch 165.79 | loss  3.90 | ppl    49.16
| epoch   1 | 71000/312089 batches | lr 0.10 | ms/batch 164.70 | loss  3.84 | ppl    46.32
| epoch   1 | 72000/312089 batches | lr 0.10 | ms/batch 164.69 | loss  3.89 | ppl    49.11
| epoch   1 | 73000/312089 batches | lr 0.10 | ms/batch 164.40 | loss  3.78 | ppl    43.86
| epoch   1 | 74000/312089 batches | lr 0.10 | ms/batch 164.73 | loss  3.93 | ppl    50.66
| epoch   1 | 75000/312089 batches | lr 0.10 | ms/batch 164.94 | loss  3.87 | ppl    48.00
-----------------------------------------------------------------------------------------
| time: 12448.74s | valid loss  4.33 | valid ppl    76.25
-----------------------------------------------------------------------------------------
| epoch   1 | 76000/312089 batches | lr 0.10 | ms/batch 263.56 | loss  3.89 | ppl    48.96
| epoch   1 | 77000/312089 batches | lr 0.10 | ms/batch 165.17 | loss  3.91 | ppl    49.86
| epoch   1 | 78000/312089 batches | lr 0.10 | ms/batch 164.80 | loss  4.05 | ppl    57.46
| epoch   1 | 79000/312089 batches | lr 0.10 | ms/batch 164.62 | loss  3.81 | ppl    45.34
| epoch   1 | 80000/312089 batches | lr 0.10 | ms/batch 163.06 | loss  3.87 | ppl    47.90
| epoch   1 | 81000/312089 batches | lr 0.10 | ms/batch 165.13 | loss  3.94 | ppl    51.26
| epoch   1 | 82000/312089 batches | lr 0.10 | ms/batch 164.18 | loss  3.90 | ppl    49.42
| epoch   1 | 83000/312089 batches | lr 0.10 | ms/batch 165.78 | loss  3.89 | ppl    48.84
| epoch   1 | 84000/312089 batches | lr 0.10 | ms/batch 164.96 | loss  3.76 | ppl    42.83
| epoch   1 | 85000/312089 batches | lr 0.10 | ms/batch 164.96 | loss  3.91 | ppl    50.09
| epoch   1 | 86000/312089 batches | lr 0.10 | ms/batch 165.41 | loss  3.76 | ppl    42.82
| epoch   1 | 87000/312089 batches | lr 0.10 | ms/batch 165.10 | loss  3.90 | ppl    49.34
| epoch   1 | 88000/312089 batches | lr 0.10 | ms/batch 165.60 | loss  3.94 | ppl    51.56
| epoch   1 | 89000/312089 batches | lr 0.10 | ms/batch 165.00 | loss  3.94 | ppl    51.39
| epoch   1 | 90000/312089 batches | lr 0.10 | ms/batch 164.80 | loss  3.91 | ppl    49.99
-----------------------------------------------------------------------------------------
| time: 15021.64s | valid loss  4.29 | valid ppl    72.79
-----------------------------------------------------------------------------------------
| epoch   1 | 91000/312089 batches | lr 0.10 | ms/batch 264.22 | loss  4.00 | ppl    54.60
| epoch   1 | 92000/312089 batches | lr 0.10 | ms/batch 165.60 | loss  3.81 | ppl    45.02
| epoch   1 | 93000/312089 batches | lr 0.10 | ms/batch 164.79 | loss  3.73 | ppl    41.75
| epoch   1 | 94000/312089 batches | lr 0.10 | ms/batch 165.04 | loss  3.80 | ppl    44.52
| epoch   1 | 95000/312089 batches | lr 0.10 | ms/batch 165.07 | loss  3.97 | ppl    52.99
| epoch   1 | 96000/312089 batches | lr 0.10 | ms/batch 165.18 | loss  3.90 | ppl    49.42
| epoch   1 | 97000/312089 batches | lr 0.10 | ms/batch 165.15 | loss  3.85 | ppl    46.87
| epoch   1 | 98000/312089 batches | lr 0.10 | ms/batch 163.36 | loss  3.86 | ppl    47.48
| epoch   1 | 99000/312089 batches | lr 0.10 | ms/batch 163.43 | loss  3.84 | ppl    46.62
| epoch   1 | 100000/312089 batches | lr 0.10 | ms/batch 163.86 | loss  3.79 | ppl    44.37
| epoch   1 | 101000/312089 batches | lr 0.10 | ms/batch 164.24 | loss  3.74 | ppl    41.95
| epoch   1 | 102000/312089 batches | lr 0.10 | ms/batch 164.28 | loss  3.80 | ppl    44.50
| epoch   1 | 103000/312089 batches | lr 0.10 | ms/batch 164.56 | loss  3.82 | ppl    45.62
| epoch   1 | 104000/312089 batches | lr 0.10 | ms/batch 164.34 | loss  3.83 | ppl    45.96
| epoch   1 | 105000/312089 batches | lr 0.10 | ms/batch 164.54 | loss  3.82 | ppl    45.65
-----------------------------------------------------------------------------------------
| time: 17587.00s | valid loss  4.25 | valid ppl    70.11
-----------------------------------------------------------------------------------------
| epoch   1 | 106000/312089 batches | lr 0.10 | ms/batch 261.02 | loss  3.81 | ppl    45.32
| epoch   1 | 107000/312089 batches | lr 0.10 | ms/batch 164.60 | loss  3.83 | ppl    46.11
| epoch   1 | 108000/312089 batches | lr 0.10 | ms/batch 164.09 | loss  3.78 | ppl    43.99
| epoch   1 | 109000/312089 batches | lr 0.10 | ms/batch 163.69 | loss  3.64 | ppl    38.28
| epoch   1 | 110000/312089 batches | lr 0.10 | ms/batch 164.04 | loss  3.81 | ppl    45.09
| epoch   1 | 111000/312089 batches | lr 0.10 | ms/batch 164.13 | loss  3.84 | ppl    46.58
| epoch   1 | 112000/312089 batches | lr 0.10 | ms/batch 163.59 | loss  3.87 | ppl    47.79
| epoch   1 | 113000/312089 batches | lr 0.10 | ms/batch 163.21 | loss  3.83 | ppl    45.88
| epoch   1 | 114000/312089 batches | lr 0.10 | ms/batch 164.81 | loss  3.79 | ppl    44.44
| epoch   1 | 115000/312089 batches | lr 0.10 | ms/batch 165.74 | loss  3.77 | ppl    43.29
| epoch   1 | 116000/312089 batches | lr 0.10 | ms/batch 164.70 | loss  3.86 | ppl    47.31
| epoch   1 | 117000/312089 batches | lr 0.10 | ms/batch 164.12 | loss  3.79 | ppl    44.23
| epoch   1 | 118000/312089 batches | lr 0.10 | ms/batch 163.86 | loss  3.85 | ppl    47.04
| epoch   1 | 119000/312089 batches | lr 0.10 | ms/batch 161.71 | loss  3.76 | ppl    42.77
| epoch   1 | 120000/312089 batches | lr 0.10 | ms/batch 162.88 | loss  3.95 | ppl    51.88
-----------------------------------------------------------------------------------------
| time: 20146.71s | valid loss  4.22 | valid ppl    67.85
-----------------------------------------------------------------------------------------
| epoch   1 | 121000/312089 batches | lr 0.10 | ms/batch 262.38 | loss  3.72 | ppl    41.32
| epoch   1 | 122000/312089 batches | lr 0.10 | ms/batch 164.16 | loss  3.74 | ppl    42.23
| epoch   1 | 123000/312089 batches | lr 0.10 | ms/batch 164.45 | loss  3.76 | ppl    43.03
| epoch   1 | 124000/312089 batches | lr 0.10 | ms/batch 163.85 | loss  3.77 | ppl    43.33
| epoch   1 | 125000/312089 batches | lr 0.10 | ms/batch 163.30 | loss  3.67 | ppl    39.34
| epoch   1 | 126000/312089 batches | lr 0.10 | ms/batch 162.82 | loss  3.78 | ppl    43.67
| epoch   1 | 127000/312089 batches | lr 0.10 | ms/batch 161.94 | loss  3.77 | ppl    43.44
| epoch   1 | 128000/312089 batches | lr 0.10 | ms/batch 161.39 | loss  3.83 | ppl    45.94
| epoch   1 | 129000/312089 batches | lr 0.10 | ms/batch 163.16 | loss  3.72 | ppl    41.11
| epoch   1 | 130000/312089 batches | lr 0.10 | ms/batch 162.80 | loss  3.79 | ppl    44.28
| epoch   1 | 131000/312089 batches | lr 0.10 | ms/batch 163.30 | loss  3.74 | ppl    42.25
| epoch   1 | 132000/312089 batches | lr 0.10 | ms/batch 163.00 | loss  3.69 | ppl    39.97
| epoch   1 | 133000/312089 batches | lr 0.10 | ms/batch 162.20 | loss  3.85 | ppl    46.83
| epoch   1 | 134000/312089 batches | lr 0.10 | ms/batch 162.76 | loss  3.88 | ppl    48.60
| epoch   1 | 135000/312089 batches | lr 0.10 | ms/batch 162.82 | loss  3.73 | ppl    41.81
-----------------------------------------------------------------------------------------
| time: 22690.67s | valid loss  4.19 | valid ppl    65.99
-----------------------------------------------------------------------------------------
| epoch   1 | 136000/312089 batches | lr 0.10 | ms/batch 261.91 | loss  3.71 | ppl    40.78
| epoch   1 | 137000/312089 batches | lr 0.10 | ms/batch 164.87 | loss  3.82 | ppl    45.80
| epoch   1 | 138000/312089 batches | lr 0.10 | ms/batch 164.07 | loss  3.79 | ppl    44.20
| epoch   1 | 139000/312089 batches | lr 0.10 | ms/batch 164.57 | loss  3.71 | ppl    40.78
| epoch   1 | 140000/312089 batches | lr 0.10 | ms/batch 164.68 | loss  3.80 | ppl    44.80
| epoch   1 | 141000/312089 batches | lr 0.10 | ms/batch 165.29 | loss  3.77 | ppl    43.56
| epoch   1 | 142000/312089 batches | lr 0.10 | ms/batch 165.33 | loss  3.76 | ppl    42.81
| epoch   1 | 143000/312089 batches | lr 0.10 | ms/batch 164.30 | loss  3.80 | ppl    44.88
| epoch   1 | 144000/312089 batches | lr 0.10 | ms/batch 164.74 | loss  3.85 | ppl    46.82
| epoch   1 | 145000/312089 batches | lr 0.10 | ms/batch 162.30 | loss  3.74 | ppl    42.09
| epoch   1 | 146000/312089 batches | lr 0.10 | ms/batch 161.08 | loss  3.70 | ppl    40.46
| epoch   1 | 147000/312089 batches | lr 0.10 | ms/batch 160.47 | loss  3.92 | ppl    50.52
| epoch   1 | 148000/312089 batches | lr 0.10 | ms/batch 159.71 | loss  3.76 | ppl    43.06
| epoch   1 | 149000/312089 batches | lr 0.10 | ms/batch 158.27 | loss  3.82 | ppl    45.49
| epoch   1 | 150000/312089 batches | lr 0.10 | ms/batch 157.50 | loss  3.85 | ppl    46.94
-----------------------------------------------------------------------------------------
| time: 25227.15s | valid loss  4.17 | valid ppl    64.51
-----------------------------------------------------------------------------------------
| epoch   1 | 151000/312089 batches | lr 0.10 | ms/batch 251.90 | loss  3.74 | ppl    42.14
| epoch   1 | 152000/312089 batches | lr 0.10 | ms/batch 158.21 | loss  3.77 | ppl    43.41
| epoch   1 | 153000/312089 batches | lr 0.10 | ms/batch 158.37 | loss  3.72 | ppl    41.25
| epoch   1 | 154000/312089 batches | lr 0.10 | ms/batch 158.24 | loss  3.72 | ppl    41.46
| epoch   1 | 155000/312089 batches | lr 0.10 | ms/batch 157.85 | loss  3.65 | ppl    38.50
| epoch   1 | 156000/312089 batches | lr 0.10 | ms/batch 157.66 | loss  3.81 | ppl    45.06
| epoch   1 | 157000/312089 batches | lr 0.10 | ms/batch 157.72 | loss  3.82 | ppl    45.60
| epoch   1 | 158000/312089 batches | lr 0.10 | ms/batch 157.71 | loss  3.77 | ppl    43.59
| epoch   1 | 159000/312089 batches | lr 0.10 | ms/batch 157.75 | loss  3.81 | ppl    45.02
| epoch   1 | 160000/312089 batches | lr 0.10 | ms/batch 157.28 | loss  3.70 | ppl    40.42
| epoch   1 | 161000/312089 batches | lr 0.10 | ms/batch 156.53 | loss  3.76 | ppl    43.06
| epoch   1 | 162000/312089 batches | lr 0.10 | ms/batch 156.91 | loss  3.70 | ppl    40.33
| epoch   1 | 163000/312089 batches | lr 0.10 | ms/batch 156.81 | loss  3.76 | ppl    43.13
| epoch   1 | 164000/312089 batches | lr 0.10 | ms/batch 156.82 | loss  3.76 | ppl    42.94
| epoch   1 | 165000/312089 batches | lr 0.10 | ms/batch 157.63 | loss  3.71 | ppl    41.01
-----------------------------------------------------------------------------------------
| time: 27684.95s | valid loss  4.14 | valid ppl    63.07
-----------------------------------------------------------------------------------------
| epoch   1 | 166000/312089 batches | lr 0.10 | ms/batch 250.64 | loss  3.74 | ppl    42.14
| epoch   1 | 167000/312089 batches | lr 0.10 | ms/batch 156.54 | loss  3.79 | ppl    44.39
| epoch   1 | 168000/312089 batches | lr 0.10 | ms/batch 156.23 | loss  3.69 | ppl    39.92
| epoch   1 | 169000/312089 batches | lr 0.10 | ms/batch 156.35 | loss  3.67 | ppl    39.20
| epoch   1 | 170000/312089 batches | lr 0.10 | ms/batch 156.11 | loss  3.78 | ppl    43.68
| epoch   1 | 171000/312089 batches | lr 0.10 | ms/batch 155.77 | loss  3.66 | ppl    38.91
| epoch   1 | 172000/312089 batches | lr 0.10 | ms/batch 155.56 | loss  3.71 | ppl    40.88
| epoch   1 | 173000/312089 batches | lr 0.10 | ms/batch 155.63 | loss  3.76 | ppl    42.82
| epoch   1 | 174000/312089 batches | lr 0.10 | ms/batch 155.40 | loss  3.79 | ppl    44.09
| epoch   1 | 175000/312089 batches | lr 0.10 | ms/batch 155.03 | loss  3.72 | ppl    41.30
| epoch   1 | 176000/312089 batches | lr 0.10 | ms/batch 154.95 | loss  3.62 | ppl    37.23
| epoch   1 | 177000/312089 batches | lr 0.10 | ms/batch 155.34 | loss  3.78 | ppl    43.67
| epoch   1 | 178000/312089 batches | lr 0.10 | ms/batch 155.09 | loss  3.64 | ppl    38.10
| epoch   1 | 179000/312089 batches | lr 0.10 | ms/batch 154.94 | loss  3.63 | ppl    37.82
| epoch   1 | 180000/312089 batches | lr 0.10 | ms/batch 154.64 | loss  3.68 | ppl    39.73
-----------------------------------------------------------------------------------------
| time: 30112.46s | valid loss  4.13 | valid ppl    61.87
-----------------------------------------------------------------------------------------
| epoch   1 | 181000/312089 batches | lr 0.10 | ms/batch 246.87 | loss  3.60 | ppl    36.73
| epoch   1 | 182000/312089 batches | lr 0.10 | ms/batch 154.38 | loss  3.70 | ppl    40.40
| epoch   1 | 183000/312089 batches | lr 0.10 | ms/batch 154.84 | loss  3.72 | ppl    41.20
| epoch   1 | 184000/312089 batches | lr 0.10 | ms/batch 155.38 | loss  3.79 | ppl    44.46
| epoch   1 | 185000/312089 batches | lr 0.10 | ms/batch 155.24 | loss  3.71 | ppl    40.73
| epoch   1 | 186000/312089 batches | lr 0.10 | ms/batch 155.08 | loss  3.74 | ppl    42.15
| epoch   1 | 187000/312089 batches | lr 0.10 | ms/batch 154.27 | loss  3.75 | ppl    42.63
| epoch   1 | 188000/312089 batches | lr 0.10 | ms/batch 158.61 | loss  3.71 | ppl    40.88
| epoch   1 | 189000/312089 batches | lr 0.10 | ms/batch 162.35 | loss  3.54 | ppl    34.47
| epoch   1 | 190000/312089 batches | lr 0.10 | ms/batch 162.57 | loss  3.83 | ppl    45.89
| epoch   1 | 191000/312089 batches | lr 0.10 | ms/batch 163.61 | loss  3.76 | ppl    42.74
| epoch   1 | 192000/312089 batches | lr 0.10 | ms/batch 162.62 | loss  3.69 | ppl    39.85
| epoch   1 | 193000/312089 batches | lr 0.10 | ms/batch 162.85 | loss  3.61 | ppl    36.91
| epoch   1 | 194000/312089 batches | lr 0.10 | ms/batch 161.24 | loss  3.74 | ppl    41.93
| epoch   1 | 195000/312089 batches | lr 0.10 | ms/batch 163.30 | loss  3.61 | ppl    36.95
-----------------------------------------------------------------------------------------
| time: 32591.09s | valid loss  4.11 | valid ppl    60.90
-----------------------------------------------------------------------------------------
| epoch   1 | 196000/312089 batches | lr 0.10 | ms/batch 260.00 | loss  3.63 | ppl    37.58
| epoch   1 | 197000/312089 batches | lr 0.10 | ms/batch 163.62 | loss  3.59 | ppl    36.28
| epoch   1 | 198000/312089 batches | lr 0.10 | ms/batch 163.12 | loss  3.71 | ppl    41.04
| epoch   1 | 199000/312089 batches | lr 0.10 | ms/batch 163.95 | loss  3.80 | ppl    44.55
| epoch   1 | 200000/312089 batches | lr 0.10 | ms/batch 163.96 | loss  3.64 | ppl    38.27
| epoch   1 | 201000/312089 batches | lr 0.10 | ms/batch 163.31 | loss  3.81 | ppl    45.11
| epoch   1 | 202000/312089 batches | lr 0.10 | ms/batch 163.91 | loss  3.73 | ppl    41.63
| epoch   1 | 203000/312089 batches | lr 0.10 | ms/batch 163.23 | loss  3.79 | ppl    44.13
| epoch   1 | 204000/312089 batches | lr 0.10 | ms/batch 165.22 | loss  3.62 | ppl    37.18
| epoch   1 | 205000/312089 batches | lr 0.10 | ms/batch 164.39 | loss  3.59 | ppl    36.19
| epoch   1 | 206000/312089 batches | lr 0.10 | ms/batch 164.55 | loss  3.63 | ppl    37.69
| epoch   1 | 207000/312089 batches | lr 0.10 | ms/batch 164.32 | loss  3.78 | ppl    43.70
| epoch   1 | 208000/312089 batches | lr 0.10 | ms/batch 163.52 | loss  3.72 | ppl    41.17
| epoch   1 | 209000/312089 batches | lr 0.10 | ms/batch 162.26 | loss  3.75 | ppl    42.61
| epoch   1 | 210000/312089 batches | lr 0.10 | ms/batch 162.62 | loss  3.78 | ppl    43.83
-----------------------------------------------------------------------------------------
| time: 35143.12s | valid loss  4.09 | valid ppl    59.89
-----------------------------------------------------------------------------------------
| epoch   1 | 211000/312089 batches | lr 0.10 | ms/batch 259.33 | loss  3.60 | ppl    36.72
| epoch   1 | 212000/312089 batches | lr 0.10 | ms/batch 163.32 | loss  3.65 | ppl    38.36
| epoch   1 | 213000/312089 batches | lr 0.10 | ms/batch 163.78 | loss  3.53 | ppl    34.05
| epoch   1 | 214000/312089 batches | lr 0.10 | ms/batch 164.27 | loss  3.68 | ppl    39.46
| epoch   1 | 215000/312089 batches | lr 0.10 | ms/batch 164.80 | loss  3.71 | ppl    41.01
| epoch   1 | 216000/312089 batches | lr 0.10 | ms/batch 165.10 | loss  3.65 | ppl    38.36
| epoch   1 | 217000/312089 batches | lr 0.10 | ms/batch 164.68 | loss  3.73 | ppl    41.84
| epoch   1 | 218000/312089 batches | lr 0.10 | ms/batch 164.72 | loss  3.64 | ppl    37.93
| epoch   1 | 219000/312089 batches | lr 0.10 | ms/batch 163.80 | loss  3.68 | ppl    39.58
| epoch   1 | 220000/312089 batches | lr 0.10 | ms/batch 163.30 | loss  3.79 | ppl    44.36
| epoch   1 | 221000/312089 batches | lr 0.10 | ms/batch 164.38 | loss  3.85 | ppl    46.78
| epoch   1 | 222000/312089 batches | lr 0.10 | ms/batch 163.21 | loss  3.65 | ppl    38.59
| epoch   1 | 223000/312089 batches | lr 0.10 | ms/batch 163.53 | loss  3.58 | ppl    35.82
| epoch   1 | 224000/312089 batches | lr 0.10 | ms/batch 162.37 | loss  3.63 | ppl    37.79
| epoch   1 | 225000/312089 batches | lr 0.10 | ms/batch 162.20 | loss  3.66 | ppl    39.01
-----------------------------------------------------------------------------------------
| time: 37698.54s | valid loss  4.08 | valid ppl    59.13
-----------------------------------------------------------------------------------------
| epoch   1 | 226000/312089 batches | lr 0.10 | ms/batch 262.05 | loss  3.66 | ppl    39.03
| epoch   1 | 227000/312089 batches | lr 0.10 | ms/batch 164.21 | loss  3.68 | ppl    39.50
| epoch   1 | 228000/312089 batches | lr 0.10 | ms/batch 164.07 | loss  3.65 | ppl    38.56
| epoch   1 | 229000/312089 batches | lr 0.10 | ms/batch 164.98 | loss  3.63 | ppl    37.71
| epoch   1 | 230000/312089 batches | lr 0.10 | ms/batch 163.57 | loss  3.68 | ppl    39.54
| epoch   1 | 231000/312089 batches | lr 0.10 | ms/batch 163.47 | loss  3.72 | ppl    41.47
| epoch   1 | 232000/312089 batches | lr 0.10 | ms/batch 164.02 | loss  3.69 | ppl    39.90
| epoch   1 | 233000/312089 batches | lr 0.10 | ms/batch 164.21 | loss  3.60 | ppl    36.64
| epoch   1 | 234000/312089 batches | lr 0.10 | ms/batch 164.48 | loss  3.67 | ppl    39.16
| epoch   1 | 235000/312089 batches | lr 0.10 | ms/batch 164.96 | loss  3.67 | ppl    39.39
| epoch   1 | 236000/312089 batches | lr 0.10 | ms/batch 164.26 | loss  3.63 | ppl    37.73
| epoch   1 | 237000/312089 batches | lr 0.10 | ms/batch 164.34 | loss  3.74 | ppl    42.02
| epoch   1 | 238000/312089 batches | lr 0.10 | ms/batch 164.54 | loss  3.64 | ppl    38.10
| epoch   1 | 239000/312089 batches | lr 0.10 | ms/batch 164.28 | loss  3.59 | ppl    36.09
| epoch   1 | 240000/312089 batches | lr 0.10 | ms/batch 162.67 | loss  3.71 | ppl    40.78
-----------------------------------------------------------------------------------------
| time: 40261.86s | valid loss  4.07 | valid ppl    58.34
-----------------------------------------------------------------------------------------
| epoch   1 | 241000/312089 batches | lr 0.10 | ms/batch 261.89 | loss  3.64 | ppl    38.10
| epoch   1 | 242000/312089 batches | lr 0.10 | ms/batch 162.79 | loss  3.66 | ppl    38.81
| epoch   1 | 243000/312089 batches | lr 0.10 | ms/batch 161.46 | loss  3.70 | ppl    40.32
| epoch   1 | 244000/312089 batches | lr 0.10 | ms/batch 163.04 | loss  3.75 | ppl    42.64
| epoch   1 | 245000/312089 batches | lr 0.10 | ms/batch 162.22 | loss  3.64 | ppl    38.14
| epoch   1 | 246000/312089 batches | lr 0.10 | ms/batch 162.10 | loss  3.68 | ppl    39.56
| epoch   1 | 247000/312089 batches | lr 0.10 | ms/batch 163.39 | loss  3.64 | ppl    38.10
| epoch   1 | 248000/312089 batches | lr 0.10 | ms/batch 163.86 | loss  3.70 | ppl    40.35
| epoch   1 | 249000/312089 batches | lr 0.10 | ms/batch 164.44 | loss  3.70 | ppl    40.62
| epoch   1 | 250000/312089 batches | lr 0.10 | ms/batch 164.42 | loss  3.63 | ppl    37.55
| epoch   1 | 251000/312089 batches | lr 0.10 | ms/batch 161.48 | loss  3.68 | ppl    39.50
| epoch   1 | 252000/312089 batches | lr 0.10 | ms/batch 162.80 | loss  3.57 | ppl    35.59
| epoch   1 | 253000/312089 batches | lr 0.10 | ms/batch 162.21 | loss  3.89 | ppl    48.82
| epoch   1 | 254000/312089 batches | lr 0.10 | ms/batch 162.46 | loss  3.67 | ppl    39.26
| epoch   1 | 255000/312089 batches | lr 0.10 | ms/batch 161.74 | loss  3.61 | ppl    37.03
-----------------------------------------------------------------------------------------
| time: 42801.73s | valid loss  4.06 | valid ppl    57.74
-----------------------------------------------------------------------------------------
| epoch   1 | 256000/312089 batches | lr 0.10 | ms/batch 262.13 | loss  3.64 | ppl    37.96
| epoch   1 | 257000/312089 batches | lr 0.10 | ms/batch 163.21 | loss  3.64 | ppl    38.15
| epoch   1 | 258000/312089 batches | lr 0.10 | ms/batch 164.62 | loss  3.60 | ppl    36.60
| epoch   1 | 259000/312089 batches | lr 0.10 | ms/batch 164.30 | loss  3.60 | ppl    36.72
| epoch   1 | 260000/312089 batches | lr 0.10 | ms/batch 164.12 | loss  3.67 | ppl    39.13
| epoch   1 | 261000/312089 batches | lr 0.10 | ms/batch 163.36 | loss  3.65 | ppl    38.57
| epoch   1 | 262000/312089 batches | lr 0.10 | ms/batch 163.68 | loss  3.63 | ppl    37.82
| epoch   1 | 263000/312089 batches | lr 0.10 | ms/batch 163.30 | loss  3.59 | ppl    36.41
| epoch   1 | 264000/312089 batches | lr 0.10 | ms/batch 163.49 | loss  3.49 | ppl    32.81
| epoch   1 | 265000/312089 batches | lr 0.10 | ms/batch 163.34 | loss  3.65 | ppl    38.37
| epoch   1 | 266000/312089 batches | lr 0.10 | ms/batch 162.72 | loss  3.62 | ppl    37.28
| epoch   1 | 267000/312089 batches | lr 0.10 | ms/batch 162.94 | loss  3.73 | ppl    41.82
| epoch   1 | 268000/312089 batches | lr 0.10 | ms/batch 163.57 | loss  3.59 | ppl    36.20
| epoch   1 | 269000/312089 batches | lr 0.10 | ms/batch 163.20 | loss  3.57 | ppl    35.54
| epoch   1 | 270000/312089 batches | lr 0.10 | ms/batch 161.51 | loss  3.54 | ppl    34.64
-----------------------------------------------------------------------------------------
| time: 45350.19s | valid loss  4.04 | valid ppl    57.10
-----------------------------------------------------------------------------------------
| epoch   1 | 271000/312089 batches | lr 0.10 | ms/batch 260.40 | loss  3.73 | ppl    41.56
| epoch   1 | 272000/312089 batches | lr 0.10 | ms/batch 161.64 | loss  3.62 | ppl    37.37
| epoch   1 | 273000/312089 batches | lr 0.10 | ms/batch 162.01 | loss  3.77 | ppl    43.50
| epoch   1 | 274000/312089 batches | lr 0.10 | ms/batch 162.80 | loss  3.66 | ppl    38.87
| epoch   1 | 275000/312089 batches | lr 0.10 | ms/batch 163.03 | loss  3.56 | ppl    35.25
| epoch   1 | 276000/312089 batches | lr 0.10 | ms/batch 164.12 | loss  3.66 | ppl    38.85
| epoch   1 | 277000/312089 batches | lr 0.10 | ms/batch 163.81 | loss  3.62 | ppl    37.18
| epoch   1 | 278000/312089 batches | lr 0.10 | ms/batch 164.49 | loss  3.70 | ppl    40.51
| epoch   1 | 279000/312089 batches | lr 0.10 | ms/batch 163.30 | loss  3.51 | ppl    33.43
| epoch   1 | 280000/312089 batches | lr 0.10 | ms/batch 161.63 | loss  3.71 | ppl    40.70
| epoch   1 | 281000/312089 batches | lr 0.10 | ms/batch 162.16 | loss  3.59 | ppl    36.28
| epoch   1 | 282000/312089 batches | lr 0.10 | ms/batch 162.03 | loss  3.55 | ppl    34.80
| epoch   1 | 283000/312089 batches | lr 0.10 | ms/batch 162.28 | loss  3.66 | ppl    38.80
| epoch   1 | 284000/312089 batches | lr 0.10 | ms/batch 162.48 | loss  3.65 | ppl    38.38
| epoch   1 | 285000/312089 batches | lr 0.10 | ms/batch 161.86 | loss  3.58 | ppl    35.99
-----------------------------------------------------------------------------------------
| time: 47887.16s | valid loss  4.03 | valid ppl    56.42
-----------------------------------------------------------------------------------------
| epoch   1 | 286000/312089 batches | lr 0.10 | ms/batch 257.99 | loss  3.67 | ppl    39.10
| epoch   1 | 287000/312089 batches | lr 0.10 | ms/batch 162.51 | loss  3.57 | ppl    35.48
| epoch   1 | 288000/312089 batches | lr 0.10 | ms/batch 162.35 | loss  3.53 | ppl    34.25
| epoch   1 | 289000/312089 batches | lr 0.10 | ms/batch 163.94 | loss  3.56 | ppl    35.20
| epoch   1 | 290000/312089 batches | lr 0.10 | ms/batch 163.57 | loss  3.80 | ppl    44.90
| epoch   1 | 291000/312089 batches | lr 0.10 | ms/batch 163.88 | loss  3.65 | ppl    38.64
| epoch   1 | 292000/312089 batches | lr 0.10 | ms/batch 163.59 | loss  3.57 | ppl    35.61
| epoch   1 | 293000/312089 batches | lr 0.10 | ms/batch 162.86 | loss  3.67 | ppl    39.13
| epoch   1 | 294000/312089 batches | lr 0.10 | ms/batch 161.10 | loss  3.74 | ppl    41.89
| epoch   1 | 295000/312089 batches | lr 0.10 | ms/batch 161.81 | loss  3.57 | ppl    35.51
| epoch   1 | 296000/312089 batches | lr 0.10 | ms/batch 161.52 | loss  3.70 | ppl    40.49
| epoch   1 | 297000/312089 batches | lr 0.10 | ms/batch 160.17 | loss  3.59 | ppl    36.13
| epoch   1 | 298000/312089 batches | lr 0.10 | ms/batch 160.32 | loss  3.70 | ppl    40.55
| epoch   1 | 299000/312089 batches | lr 0.10 | ms/batch 160.53 | loss  3.63 | ppl    37.76
| epoch   1 | 300000/312089 batches | lr 0.10 | ms/batch 159.67 | loss  3.60 | ppl    36.70
-----------------------------------------------------------------------------------------
| time: 50413.17s | valid loss  4.03 | valid ppl    56.04
-----------------------------------------------------------------------------------------
-----------------------------------------------------------------------------------------
| end of epoch   1 | time: 50548.65s | valid loss  4.04 | valid ppl    57.05
-----------------------------------------------------------------------------------------
=========================================================================================
| End of training | test loss  4.04 | test ppl    57.05
=========================================================================================
